2018-11-15 23:06:53.211  INFO 2621 --- [main] c.chinasoft.tax.TaxWebApplicationTests   : Starting TaxWebApplicationTests on yaochenglongdeMacBook-Pro.local with PID 2621 (started by yaochenglong in /Users/yaochenglong/Downloads/tax-all/tax-web)
2018-11-15 23:06:53.212  INFO 2621 --- [main] c.chinasoft.tax.TaxWebApplicationTests   : The following profiles are active: dev
2018-11-15 23:06:53.253  INFO 2621 --- [main] o.s.w.c.s.GenericWebApplicationContext   : Refreshing org.springframework.web.context.support.GenericWebApplicationContext@9bd0fa6: startup date [Thu Nov 15 23:06:53 CST 2018]; root of context hierarchy
2018-11-15 23:06:54.302  WARN 2621 --- [main] t.m.s.mapper.ClassPathMapperScanner      : Skipping MapperFactoryBean with name 'TPermissionMapper' and 'com.chinasoft.tax.dao.TPermissionMapper' mapperInterface. Bean already defined with the same name!
2018-11-15 23:06:54.303  WARN 2621 --- [main] t.m.s.mapper.ClassPathMapperScanner      : No MyBatis mapper was found in '[com.chinasoft.tax]' package. Please check your configuration.
2018-11-15 23:06:54.373  WARN 2621 --- [main] o.m.s.mapper.ClassPathMapperScanner      : Skipping MapperFactoryBean with name 'TPermissionMapper' and 'com.chinasoft.tax.dao.TPermissionMapper' mapperInterface. Bean already defined with the same name!
2018-11-15 23:06:54.374  WARN 2621 --- [main] o.m.s.mapper.ClassPathMapperScanner      : No MyBatis mapper was found in '[com.chinasoft.tax]' package. Please check your configuration.
2018-11-15 23:06:54.536  INFO 2621 --- [main] .s.d.r.c.RepositoryConfigurationDelegate : Multiple Spring Data modules found, entering strict repository configuration mode!
2018-11-15 23:06:59.947  WARN 2621 --- [main] c.c.t.c.s.MyFilterSecurityInterceptor    : Could not validate configuration attributes as the SecurityMetadataSource did not return any attributes from getAllConfigAttributes()
2018-11-15 23:07:01.514  INFO 2621 --- [main] com.mchange.v2.log.MLog                  : MLog clients using log4j logging.
2018-11-15 23:07:01.546  INFO 2621 --- [main] com.mchange.v2.c3p0.C3P0Registry         : Initializing c3p0-0.9.1.1 [built 15-March-2007 01:32:31; debug? true; trace: 10]
2018-11-15 23:07:01.572  INFO 2621 --- [main] org.quartz.impl.StdSchedulerFactory      : Using default implementation for ThreadExecutor
2018-11-15 23:07:01.588  INFO 2621 --- [main] org.quartz.core.SchedulerSignalerImpl    : Initialized Scheduler Signaller of type: class org.quartz.core.SchedulerSignalerImpl
2018-11-15 23:07:01.589  INFO 2621 --- [main] org.quartz.core.QuartzScheduler          : Quartz Scheduler v.2.2.1 created.
2018-11-15 23:07:01.590  INFO 2621 --- [main] org.quartz.impl.jdbcjobstore.JobStoreTX  : Using thread monitor-based data access locking (synchronization).
2018-11-15 23:07:01.590  INFO 2621 --- [main] org.quartz.impl.jdbcjobstore.JobStoreTX  : JobStoreTX initialized.
2018-11-15 23:07:01.591  INFO 2621 --- [main] org.quartz.core.QuartzScheduler          : Scheduler meta-data: Quartz Scheduler (v2.2.1) 'SchedulerFactory' with instanceId 'NON_CLUSTERED'
  Scheduler class: 'org.quartz.core.QuartzScheduler' - running locally.
  NOT STARTED.
  Currently in standby mode.
  Number of jobs executed: 0
  Using thread pool 'org.quartz.simpl.SimpleThreadPool' - with 5 threads.
  Using job-store 'org.quartz.impl.jdbcjobstore.JobStoreTX' - which supports persistence. and is not clustered.

2018-11-15 23:07:01.591  INFO 2621 --- [main] org.quartz.impl.StdSchedulerFactory      : Quartz scheduler 'SchedulerFactory' initialized from an externally provided properties instance.
2018-11-15 23:07:01.591  INFO 2621 --- [main] org.quartz.impl.StdSchedulerFactory      : Quartz scheduler version: 2.2.1
2018-11-15 23:07:01.592  INFO 2621 --- [main] org.quartz.core.QuartzScheduler          : JobFactory set to: com.chinasoft.tax.config.SpringJobFactory@581e8969
2018-11-15 23:07:04.590  INFO 2621 --- [main] s.w.s.m.m.a.RequestMappingHandlerAdapter : Looking for @ControllerAdvice: org.springframework.web.context.support.GenericWebApplicationContext@9bd0fa6: startup date [Thu Nov 15 23:06:53 CST 2018]; root of context hierarchy
2018-11-15 23:07:04.807  INFO 2621 --- [main] s.w.s.m.m.a.RequestMappingHandlerMapping : Mapped "{[/api/all]}" onto public com.chinasoft.tax.vo.Message com.chinasoft.tax.controller.APIController.getAPIAll()
2018-11-15 23:07:04.808  INFO 2621 --- [main] s.w.s.m.m.a.RequestMappingHandlerMapping : Mapped "{[/api/page]}" onto public com.chinasoft.tax.vo.Message com.chinasoft.tax.controller.APIController.getAPIAllPage()
2018-11-15 23:07:04.809  INFO 2621 --- [main] s.w.s.m.m.a.RequestMappingHandlerMapping : Mapped "{[/backup/db]}" onto public void com.chinasoft.tax.controller.BackupController.test()
2018-11-15 23:07:04.814  INFO 2621 --- [main] s.w.s.m.m.a.RequestMappingHandlerMapping : Mapped "{[/company/add],methods=[POST]}" onto public com.chinasoft.tax.vo.Message com.chinasoft.tax.controller.CompnayController.add(com.chinasoft.tax.vo.CompanyVo)
2018-11-15 23:07:04.815  INFO 2621 --- [main] s.w.s.m.m.a.RequestMappingHandlerMapping : Mapped "{[/company/getAll],methods=[GET]}" onto public com.chinasoft.tax.vo.Message com.chinasoft.tax.controller.CompnayController.getAll()
2018-11-15 23:07:04.815  INFO 2621 --- [main] s.w.s.m.m.a.RequestMappingHandlerMapping : Mapped "{[/company/userId/{userId}],methods=[GET]}" onto public com.chinasoft.tax.vo.Message com.chinasoft.tax.controller.CompnayController.getCompanyByUserId(java.lang.String)
2018-11-15 23:07:04.815  INFO 2621 --- [main] s.w.s.m.m.a.RequestMappingHandlerMapping : Mapped "{[/company/getAllPage],methods=[POST]}" onto public com.chinasoft.tax.vo.Message com.chinasoft.tax.controller.CompnayController.getAllByPage(com.chinasoft.tax.qo.CompanyQo)
2018-11-15 23:07:04.816  INFO 2621 --- [main] s.w.s.m.m.a.RequestMappingHandlerMapping : Mapped "{[/company/edit],methods=[POST]}" onto public com.chinasoft.tax.vo.Message com.chinasoft.tax.controller.CompnayController.edit(com.chinasoft.tax.vo.CompanyVo)
2018-11-15 23:07:04.816  INFO 2621 --- [main] s.w.s.m.m.a.RequestMappingHandlerMapping : Mapped "{[/company/del/{id}],methods=[DELETE]}" onto public com.chinasoft.tax.vo.Message com.chinasoft.tax.controller.CompnayController.delById(java.lang.String)
2018-11-15 23:07:04.816  INFO 2621 --- [main] s.w.s.m.m.a.RequestMappingHandlerMapping : Mapped "{[/company/getUnAssign],methods=[GET]}" onto public com.chinasoft.tax.vo.Message com.chinasoft.tax.controller.CompnayController.getUnAssignedCompany()
2018-11-15 23:07:04.816  INFO 2621 --- [main] s.w.s.m.m.a.RequestMappingHandlerMapping : Mapped "{[/company/getByName],methods=[POST]}" onto public com.chinasoft.tax.vo.Message com.chinasoft.tax.controller.CompnayController.getCompanyByName(com.chinasoft.tax.vo.CompanyVo)
2018-11-15 23:07:04.818  INFO 2621 --- [main] s.w.s.m.m.a.RequestMappingHandlerMapping : Mapped "{[/department/add],methods=[POST]}" onto public com.chinasoft.tax.vo.Message com.chinasoft.tax.controller.DepartmentController.add(com.chinasoft.tax.vo.DepartmentVo)
2018-11-15 23:07:04.819  INFO 2621 --- [main] s.w.s.m.m.a.RequestMappingHandlerMapping : Mapped "{[/department/getAll/{pId}]}" onto public com.chinasoft.tax.vo.Message com.chinasoft.tax.controller.DepartmentController.getAll(java.lang.String)
2018-11-15 23:07:04.819  INFO 2621 --- [main] s.w.s.m.m.a.RequestMappingHandlerMapping : Mapped "{[/department/edit],methods=[POST]}" onto public com.chinasoft.tax.vo.Message com.chinasoft.tax.controller.DepartmentController.edit(com.chinasoft.tax.vo.DepartmentVo)
2018-11-15 23:07:04.819  INFO 2621 --- [main] s.w.s.m.m.a.RequestMappingHandlerMapping : Mapped "{[/department/del/{id}],methods=[DELETE]}" onto public com.chinasoft.tax.vo.Message com.chinasoft.tax.controller.DepartmentController.delById(java.lang.String)
2018-11-15 23:07:04.819  INFO 2621 --- [main] s.w.s.m.m.a.RequestMappingHandlerMapping : Mapped "{[/department/delUserDepartByUserId/{userId}],methods=[DELETE]}" onto public com.chinasoft.tax.vo.Message com.chinasoft.tax.controller.DepartmentController.delUserDepartByUserId(java.lang.String)
2018-11-15 23:07:04.821  INFO 2621 --- [main] s.w.s.m.m.a.RequestMappingHandlerMapping : Mapped "{[/dict/add],methods=[POST]}" onto public com.chinasoft.tax.vo.Message com.chinasoft.tax.controller.DitcController.add(com.chinasoft.tax.vo.DictVo)
2018-11-15 23:07:04.821  INFO 2621 --- [main] s.w.s.m.m.a.RequestMappingHandlerMapping : Mapped "{[/dict/del/{id}],methods=[DELETE]}" onto public com.chinasoft.tax.vo.Message com.chinasoft.tax.controller.DitcController.del(java.lang.String)
2018-11-15 23:07:04.821  INFO 2621 --- [main] s.w.s.m.m.a.RequestMappingHandlerMapping : Mapped "{[/dict/getAllPage],methods=[POST]}" onto public com.chinasoft.tax.vo.Message com.chinasoft.tax.controller.DitcController.getAllPage(com.chinasoft.tax.qo.DictQo)
2018-11-15 23:07:04.822  INFO 2621 --- [main] s.w.s.m.m.a.RequestMappingHandlerMapping : Mapped "{[/dict/edit],methods=[POST]}" onto public com.chinasoft.tax.vo.Message com.chinasoft.tax.controller.DitcController.edit(com.chinasoft.tax.vo.DictVo)
2018-11-15 23:07:04.822  INFO 2621 --- [main] s.w.s.m.m.a.RequestMappingHandlerMapping : Mapped "{[/dict/getByType/{typeId}],methods=[GET]}" onto public com.chinasoft.tax.vo.Message com.chinasoft.tax.controller.DitcController.getByType(java.lang.Integer)
2018-11-15 23:07:04.822  INFO 2621 --- [main] s.w.s.m.m.a.RequestMappingHandlerMapping : Mapped "{[/email/send],methods=[POST]}" onto public void com.chinasoft.tax.controller.EmailController.sendSimpleMail()
2018-11-15 23:07:04.823  INFO 2621 --- [main] s.w.s.m.m.a.RequestMappingHandlerMapping : Mapped "{[/file/{filename:.+}],methods=[GET]}" onto public org.springframework.http.ResponseEntity<?> com.chinasoft.tax.controller.FileController.getFile(java.lang.String)
2018-11-15 23:07:04.824  INFO 2621 --- [main] s.w.s.m.m.a.RequestMappingHandlerMapping : Mapped "{[/file/download/{fileName:.+}],methods=[GET]}" onto public void com.chinasoft.tax.controller.FileController.download(javax.servlet.http.HttpServletResponse,java.lang.String)
2018-11-15 23:07:04.824  INFO 2621 --- [main] s.w.s.m.m.a.RequestMappingHandlerMapping : Mapped "{[/file/upload],methods=[POST]}" onto public com.chinasoft.tax.vo.Message com.chinasoft.tax.controller.FileController.uploadFile(org.springframework.web.multipart.MultipartFile[],java.lang.String)
2018-11-15 23:07:04.825  INFO 2621 --- [main] s.w.s.m.m.a.RequestMappingHandlerMapping : Mapped "{[/logInfo/allPage],methods=[POST]}" onto public com.chinasoft.tax.vo.Message com.chinasoft.tax.controller.LogInfoController.getAllPage(com.chinasoft.tax.qo.LogInfoQo)
2018-11-15 23:07:04.825  INFO 2621 --- [main] s.w.s.m.m.a.RequestMappingHandlerMapping : Mapped "{[/material/getAllPage],methods=[POST]}" onto public com.chinasoft.tax.vo.Message com.chinasoft.tax.controller.MaterialController.getAllMaterial(com.chinasoft.tax.qo.MaterialQo)
2018-11-15 23:07:04.826  INFO 2621 --- [main] s.w.s.m.m.a.RequestMappingHandlerMapping : Mapped "{[/menu/getMenuList/{userId}],methods=[GET]}" onto public com.chinasoft.tax.vo.Message com.chinasoft.tax.controller.MenuController.getAllMenu(java.lang.String)
2018-11-15 23:07:04.827  INFO 2621 --- [main] s.w.s.m.m.a.RequestMappingHandlerMapping : Mapped "{[/permission/add],methods=[POST]}" onto public com.chinasoft.tax.vo.Message com.chinasoft.tax.controller.PermissionController.add(com.chinasoft.tax.vo.PermissionVo)
2018-11-15 23:07:04.828  INFO 2621 --- [main] s.w.s.m.m.a.RequestMappingHandlerMapping : Mapped "{[/permission/delByIds/{ids}],methods=[DELETE]}" onto public com.chinasoft.tax.vo.Message com.chinasoft.tax.controller.PermissionController.delByIds(java.lang.String[])
2018-11-15 23:07:04.828  INFO 2621 --- [main] s.w.s.m.m.a.RequestMappingHandlerMapping : Mapped "{[/permission/getMenuList/{userId}],methods=[GET]}" onto public com.chinasoft.tax.vo.Message com.chinasoft.tax.controller.PermissionController.getAllMenuList(java.lang.String)
2018-11-15 23:07:04.828  INFO 2621 --- [main] s.w.s.m.m.a.RequestMappingHandlerMapping : Mapped "{[/permission/getAllList],methods=[GET]}" onto public com.chinasoft.tax.vo.Message com.chinasoft.tax.controller.PermissionController.getAllList()
2018-11-15 23:07:04.828  INFO 2621 --- [main] s.w.s.m.m.a.RequestMappingHandlerMapping : Mapped "{[/permission/edit],methods=[POST]}" onto public com.chinasoft.tax.vo.Message com.chinasoft.tax.controller.PermissionController.edit(com.chinasoft.tax.vo.PermissionVo)
2018-11-15 23:07:04.833  INFO 2621 --- [main] s.w.s.m.m.a.RequestMappingHandlerMapping : Mapped "{[/role/setDefault],methods=[POST]}" onto public com.chinasoft.tax.vo.Message com.chinasoft.tax.controller.RoleController.setDefault(org.springframework.ui.ModelMap)
2018-11-15 23:07:04.833  INFO 2621 --- [main] s.w.s.m.m.a.RequestMappingHandlerMapping : Mapped "{[/role/edit],methods=[POST]}" onto public com.chinasoft.tax.vo.Message com.chinasoft.tax.controller.RoleController.editRole(com.chinasoft.tax.vo.RoleVo)
2018-11-15 23:07:04.833  INFO 2621 --- [main] s.w.s.m.m.a.RequestMappingHandlerMapping : Mapped "{[/role/all],methods=[GET]}" onto public com.chinasoft.tax.vo.Message com.chinasoft.tax.controller.RoleController.getAllRole()
2018-11-15 23:07:04.833  INFO 2621 --- [main] s.w.s.m.m.a.RequestMappingHandlerMapping : Mapped "{[/role/all/page],methods=[POST]}" onto public com.chinasoft.tax.vo.Message com.chinasoft.tax.controller.RoleController.getAllRoleByPage(com.chinasoft.tax.vo.PageVo)
2018-11-15 23:07:04.834  INFO 2621 --- [main] s.w.s.m.m.a.RequestMappingHandlerMapping : Mapped "{[/role/assignPermission],methods=[POST]}" onto public com.chinasoft.tax.vo.Message com.chinasoft.tax.controller.RoleController.assignPermission(org.springframework.ui.ModelMap)
2018-11-15 23:07:04.834  INFO 2621 --- [main] s.w.s.m.m.a.RequestMappingHandlerMapping : Mapped "{[/role/assignCompany],methods=[POST]}" onto public com.chinasoft.tax.vo.Message com.chinasoft.tax.controller.RoleController.assignCompany(org.springframework.ui.ModelMap)
2018-11-15 23:07:04.834  INFO 2621 --- [main] s.w.s.m.m.a.RequestMappingHandlerMapping : Mapped "{[/role/assignElement],methods=[POST]}" onto public com.chinasoft.tax.vo.Message com.chinasoft.tax.controller.RoleController.assignElement(org.springframework.ui.ModelMap)
2018-11-15 23:07:04.835  INFO 2621 --- [main] s.w.s.m.m.a.RequestMappingHandlerMapping : Mapped "{[/role/del/{ids}],methods=[DELETE]}" onto public com.chinasoft.tax.vo.Message com.chinasoft.tax.controller.RoleController.delRoleByIds(java.lang.String[])
2018-11-15 23:07:04.835  INFO 2621 --- [main] s.w.s.m.m.a.RequestMappingHandlerMapping : Mapped "{[/role/add],methods=[POST]}" onto public com.chinasoft.tax.vo.Message com.chinasoft.tax.controller.RoleController.addRole(com.chinasoft.tax.vo.RoleVo)
2018-11-15 23:07:04.836  INFO 2621 --- [main] s.w.s.m.m.a.RequestMappingHandlerMapping : Mapped "{[/schedual/getAllByPage],methods=[POST]}" onto public com.chinasoft.tax.vo.Message com.chinasoft.tax.controller.SchedualController.getAll(com.chinasoft.tax.vo.PageVo)
2018-11-15 23:07:04.837  INFO 2621 --- [main] s.w.s.m.m.a.RequestMappingHandlerMapping : Mapped "{[/schedual/pause],methods=[POST]}" onto public com.chinasoft.tax.vo.Message com.chinasoft.tax.controller.SchedualController.pauseJob(com.chinasoft.tax.vo.QuartzJobVo)
2018-11-15 23:07:04.837  INFO 2621 --- [main] s.w.s.m.m.a.RequestMappingHandlerMapping : Mapped "{[/schedual/edit],methods=[POST]}" onto public com.chinasoft.tax.vo.Message com.chinasoft.tax.controller.SchedualController.editJob(com.chinasoft.tax.vo.QuartzJobVo)
2018-11-15 23:07:04.837  INFO 2621 --- [main] s.w.s.m.m.a.RequestMappingHandlerMapping : Mapped "{[/schedual/add],methods=[POST]}" onto public com.chinasoft.tax.vo.Message com.chinasoft.tax.controller.SchedualController.addJob(com.chinasoft.tax.vo.QuartzJobVo)
2018-11-15 23:07:04.837  INFO 2621 --- [main] s.w.s.m.m.a.RequestMappingHandlerMapping : Mapped "{[/schedual/resume],methods=[POST]}" onto public com.chinasoft.tax.vo.Message com.chinasoft.tax.controller.SchedualController.resumeJob(com.chinasoft.tax.vo.QuartzJobVo)
2018-11-15 23:07:04.837  INFO 2621 --- [main] s.w.s.m.m.a.RequestMappingHandlerMapping : Mapped "{[/schedual/delByIds/{ids}],methods=[DELETE]}" onto public com.chinasoft.tax.vo.Message com.chinasoft.tax.controller.SchedualController.deleteJob(java.lang.String[])
2018-11-15 23:07:04.838  INFO 2621 --- [main] s.w.s.m.m.a.RequestMappingHandlerMapping : Mapped "{[/statistics/findAll],methods=[POST]}" onto public com.chinasoft.tax.vo.Message com.chinasoft.tax.controller.StatisticsController.getStatistics(com.chinasoft.tax.po.TTaxStatisticsPo)
2018-11-15 23:07:04.839  INFO 2621 --- [main] s.w.s.m.m.a.RequestMappingHandlerMapping : Mapped "{[/tax/add],methods=[POST]}" onto public com.chinasoft.tax.vo.Message com.chinasoft.tax.controller.TaxApplicationController.addTaxApplication(com.chinasoft.tax.vo.TaxApplicationVo)
2018-11-15 23:07:04.840  INFO 2621 --- [main] s.w.s.m.m.a.RequestMappingHandlerMapping : Mapped "{[/tax/readyCommit],methods=[POST]}" onto public com.chinasoft.tax.vo.Message com.chinasoft.tax.controller.TaxApplicationController.readyCommit(com.chinasoft.tax.qo.TaxQo)
2018-11-15 23:07:04.840  INFO 2621 --- [main] s.w.s.m.m.a.RequestMappingHandlerMapping : Mapped "{[/tax/readyHandle],methods=[POST]}" onto public com.chinasoft.tax.vo.Message com.chinasoft.tax.controller.TaxApplicationController.readyHandle(com.chinasoft.tax.qo.TaxQo)
2018-11-15 23:07:04.840  INFO 2621 --- [main] s.w.s.m.m.a.RequestMappingHandlerMapping : Mapped "{[/tax/alreadyHandle],methods=[POST]}" onto public com.chinasoft.tax.vo.Message com.chinasoft.tax.controller.TaxApplicationController.alreadyHandle(com.chinasoft.tax.qo.TaxQo)
2018-11-15 23:07:04.841  INFO 2621 --- [main] s.w.s.m.m.a.RequestMappingHandlerMapping : Mapped "{[/test/token],methods=[GET]}" onto public java.lang.String com.chinasoft.tax.controller.TestController.test()
2018-11-15 23:07:04.843  INFO 2621 --- [main] s.w.s.m.m.a.RequestMappingHandlerMapping : Mapped "{[/user/add],methods=[POST]}" onto public com.chinasoft.tax.vo.Message com.chinasoft.tax.controller.UserController.add(com.chinasoft.tax.vo.UserVo)
2018-11-15 23:07:04.844  INFO 2621 --- [main] s.w.s.m.m.a.RequestMappingHandlerMapping : Mapped "{[/user/assignCompany]}" onto public com.chinasoft.tax.vo.Message com.chinasoft.tax.controller.UserController.assignCompany(org.springframework.ui.ModelMap)
2018-11-15 23:07:04.844  INFO 2621 --- [main] s.w.s.m.m.a.RequestMappingHandlerMapping : Mapped "{[/user/all],methods=[POST]}" onto public com.chinasoft.tax.vo.Message com.chinasoft.tax.controller.UserController.getAllUser(com.chinasoft.tax.qo.UserQo)
2018-11-15 23:07:04.844  INFO 2621 --- [main] s.w.s.m.m.a.RequestMappingHandlerMapping : Mapped "{[/user/editPassword],methods=[POST]}" onto public com.chinasoft.tax.vo.Message com.chinasoft.tax.controller.UserController.editPassword(org.springframework.ui.ModelMap)
2018-11-15 23:07:04.844  INFO 2621 --- [main] s.w.s.m.m.a.RequestMappingHandlerMapping : Mapped "{[/user/delByIds/{ids}],methods=[DELETE]}" onto public com.chinasoft.tax.vo.Message com.chinasoft.tax.controller.UserController.delAllByIds(java.lang.String[])
2018-11-15 23:07:04.844  INFO 2621 --- [main] s.w.s.m.m.a.RequestMappingHandlerMapping : Mapped "{[/user/edit],methods=[POST]}" onto public com.chinasoft.tax.vo.Message com.chinasoft.tax.controller.UserController.editUser(com.chinasoft.tax.vo.UserVo)
2018-11-15 23:07:04.847  INFO 2621 --- [main] s.w.s.m.m.a.RequestMappingHandlerMapping : Mapped "{[/error]}" onto public org.springframework.http.ResponseEntity<java.util.Map<java.lang.String, java.lang.Object>> org.springframework.boot.autoconfigure.web.BasicErrorController.error(javax.servlet.http.HttpServletRequest)
2018-11-15 23:07:04.848  INFO 2621 --- [main] s.w.s.m.m.a.RequestMappingHandlerMapping : Mapped "{[/error],produces=[text/html]}" onto public org.springframework.web.servlet.ModelAndView org.springframework.boot.autoconfigure.web.BasicErrorController.errorHtml(javax.servlet.http.HttpServletRequest,javax.servlet.http.HttpServletResponse)
2018-11-15 23:07:05.115  INFO 2621 --- [main] o.s.w.s.handler.SimpleUrlHandlerMapping  : Mapped URL path [/webjars/**] onto handler of type [class org.springframework.web.servlet.resource.ResourceHttpRequestHandler]
2018-11-15 23:07:05.115  INFO 2621 --- [main] o.s.w.s.handler.SimpleUrlHandlerMapping  : Mapped URL path [/**] onto handler of type [class org.springframework.web.servlet.resource.ResourceHttpRequestHandler]
2018-11-15 23:07:05.155  INFO 2621 --- [main] .m.m.a.ExceptionHandlerExceptionResolver : Detected @ExceptionHandler methods in myExceptionHandler
2018-11-15 23:07:05.317  INFO 2621 --- [main] o.s.w.s.handler.SimpleUrlHandlerMapping  : Mapped URL path [/**/favicon.ico] onto handler of type [class org.springframework.web.servlet.resource.ResourceHttpRequestHandler]
2018-11-15 23:07:05.586  INFO 2621 --- [main] t.m.m.autoconfigure.MapperCacheDisabler  : Clear tk.mybatis.mapper.util.MsUtil CLASS_CACHE cache.
2018-11-15 23:07:05.587  INFO 2621 --- [main] t.m.m.autoconfigure.MapperCacheDisabler  : Clear tk.mybatis.mapper.genid.GenIdUtil CACHE cache.
2018-11-15 23:07:05.587  INFO 2621 --- [main] t.m.m.autoconfigure.MapperCacheDisabler  : Clear tk.mybatis.mapper.version.VersionUtil CACHE cache.
2018-11-15 23:07:05.588  INFO 2621 --- [main] t.m.m.autoconfigure.MapperCacheDisabler  : Clear EntityHelper entityTableMap cache.
2018-11-15 23:07:06.192  INFO 2621 --- [main] o.s.s.web.DefaultSecurityFilterChain     : Creating filter chain: OrRequestMatcher [requestMatchers=[Ant [pattern='/css/**'], Ant [pattern='/js/**'], Ant [pattern='/images/**'], Ant [pattern='/webjars/**'], Ant [pattern='/**/favicon.ico'], Ant [pattern='/error']]], []
2018-11-15 23:07:06.341  INFO 2621 --- [main] o.s.s.web.DefaultSecurityFilterChain     : Creating filter chain: org.springframework.security.web.util.matcher.AnyRequestMatcher@1, [org.springframework.security.web.context.request.async.WebAsyncManagerIntegrationFilter@13df2f89, org.springframework.security.web.context.SecurityContextPersistenceFilter@688c1b2a, org.springframework.security.web.header.HeaderWriterFilter@5b58b11f, org.springframework.security.web.authentication.logout.LogoutFilter@6e886e25, org.springframework.security.web.authentication.UsernamePasswordAuthenticationFilter@5fcb223, com.chinasoft.tax.config.security.JWTAuthenticationFilter@10de078f, org.springframework.security.web.savedrequest.RequestCacheAwareFilter@22c88bec, org.springframework.security.web.servletapi.SecurityContextHolderAwareRequestFilter@2d239324, org.springframework.security.web.authentication.AnonymousAuthenticationFilter@648b4b14, org.springframework.security.web.session.SessionManagementFilter@3a00f386, org.springframework.security.web.access.ExceptionTranslationFilter@2a84aed7, com.chinasoft.tax.config.security.MyFilterSecurityInterceptor@1f1e15de, org.springframework.security.web.access.intercept.FilterSecurityInterceptor@217ed737]
2018-11-15 23:07:06.937  INFO 2621 --- [main] o.s.b.a.e.mvc.EndpointHandlerMapping     : Mapped "{[/env/{name:.*}],methods=[GET],produces=[application/vnd.spring-boot.actuator.v1+json || application/json]}" onto public java.lang.Object org.springframework.boot.actuate.endpoint.mvc.EnvironmentMvcEndpoint.value(java.lang.String)
2018-11-15 23:07:06.937  INFO 2621 --- [main] o.s.b.a.e.mvc.EndpointHandlerMapping     : Mapped "{[/env || /env.json],methods=[GET],produces=[application/vnd.spring-boot.actuator.v1+json || application/json]}" onto public java.lang.Object org.springframework.boot.actuate.endpoint.mvc.EndpointMvcAdapter.invoke()
2018-11-15 23:07:06.938  INFO 2621 --- [main] o.s.b.a.e.mvc.EndpointHandlerMapping     : Mapped "{[/auditevents || /auditevents.json],methods=[GET],produces=[application/vnd.spring-boot.actuator.v1+json || application/json]}" onto public org.springframework.http.ResponseEntity<?> org.springframework.boot.actuate.endpoint.mvc.AuditEventsMvcEndpoint.findByPrincipalAndAfterAndType(java.lang.String,java.util.Date,java.lang.String)
2018-11-15 23:07:06.938  INFO 2621 --- [main] o.s.b.a.e.mvc.EndpointHandlerMapping     : Mapped "{[/dump || /dump.json],methods=[GET],produces=[application/vnd.spring-boot.actuator.v1+json || application/json]}" onto public java.lang.Object org.springframework.boot.actuate.endpoint.mvc.EndpointMvcAdapter.invoke()
2018-11-15 23:07:06.938  INFO 2621 --- [main] o.s.b.a.e.mvc.EndpointHandlerMapping     : Mapped "{[/beans || /beans.json],methods=[GET],produces=[application/vnd.spring-boot.actuator.v1+json || application/json]}" onto public java.lang.Object org.springframework.boot.actuate.endpoint.mvc.EndpointMvcAdapter.invoke()
2018-11-15 23:07:06.939  INFO 2621 --- [main] o.s.b.a.e.mvc.EndpointHandlerMapping     : Mapped "{[/info || /info.json],methods=[GET],produces=[application/vnd.spring-boot.actuator.v1+json || application/json]}" onto public java.lang.Object org.springframework.boot.actuate.endpoint.mvc.EndpointMvcAdapter.invoke()
2018-11-15 23:07:06.939  INFO 2621 --- [main] o.s.b.a.e.mvc.EndpointHandlerMapping     : Mapped "{[/metrics/{name:.*}],methods=[GET],produces=[application/vnd.spring-boot.actuator.v1+json || application/json]}" onto public java.lang.Object org.springframework.boot.actuate.endpoint.mvc.MetricsMvcEndpoint.value(java.lang.String)
2018-11-15 23:07:06.939  INFO 2621 --- [main] o.s.b.a.e.mvc.EndpointHandlerMapping     : Mapped "{[/metrics || /metrics.json],methods=[GET],produces=[application/vnd.spring-boot.actuator.v1+json || application/json]}" onto public java.lang.Object org.springframework.boot.actuate.endpoint.mvc.EndpointMvcAdapter.invoke()
2018-11-15 23:07:06.940  INFO 2621 --- [main] o.s.b.a.e.mvc.EndpointHandlerMapping     : Mapped "{[/health || /health.json],methods=[GET],produces=[application/vnd.spring-boot.actuator.v1+json || application/json]}" onto public java.lang.Object org.springframework.boot.actuate.endpoint.mvc.HealthMvcEndpoint.invoke(javax.servlet.http.HttpServletRequest,java.security.Principal)
2018-11-15 23:07:06.941  INFO 2621 --- [main] o.s.b.a.e.mvc.EndpointHandlerMapping     : Mapped "{[/mappings || /mappings.json],methods=[GET],produces=[application/vnd.spring-boot.actuator.v1+json || application/json]}" onto public java.lang.Object org.springframework.boot.actuate.endpoint.mvc.EndpointMvcAdapter.invoke()
2018-11-15 23:07:06.941  INFO 2621 --- [main] o.s.b.a.e.mvc.EndpointHandlerMapping     : Mapped "{[/trace || /trace.json],methods=[GET],produces=[application/vnd.spring-boot.actuator.v1+json || application/json]}" onto public java.lang.Object org.springframework.boot.actuate.endpoint.mvc.EndpointMvcAdapter.invoke()
2018-11-15 23:07:06.942  INFO 2621 --- [main] o.s.b.a.e.mvc.EndpointHandlerMapping     : Mapped "{[/logfile || /logfile.json],methods=[GET || HEAD]}" onto public void org.springframework.boot.actuate.endpoint.mvc.LogFileMvcEndpoint.invoke(javax.servlet.http.HttpServletRequest,javax.servlet.http.HttpServletResponse) throws javax.servlet.ServletException,java.io.IOException
2018-11-15 23:07:06.944  INFO 2621 --- [main] o.s.b.a.e.mvc.EndpointHandlerMapping     : Mapped "{[/loggers/{name:.*}],methods=[GET],produces=[application/vnd.spring-boot.actuator.v1+json || application/json]}" onto public java.lang.Object org.springframework.boot.actuate.endpoint.mvc.LoggersMvcEndpoint.get(java.lang.String)
2018-11-15 23:07:06.944  INFO 2621 --- [main] o.s.b.a.e.mvc.EndpointHandlerMapping     : Mapped "{[/loggers/{name:.*}],methods=[POST],consumes=[application/vnd.spring-boot.actuator.v1+json || application/json],produces=[application/vnd.spring-boot.actuator.v1+json || application/json]}" onto public java.lang.Object org.springframework.boot.actuate.endpoint.mvc.LoggersMvcEndpoint.set(java.lang.String,java.util.Map<java.lang.String, java.lang.String>)
2018-11-15 23:07:06.944  INFO 2621 --- [main] o.s.b.a.e.mvc.EndpointHandlerMapping     : Mapped "{[/loggers || /loggers.json],methods=[GET],produces=[application/vnd.spring-boot.actuator.v1+json || application/json]}" onto public java.lang.Object org.springframework.boot.actuate.endpoint.mvc.EndpointMvcAdapter.invoke()
2018-11-15 23:07:06.945  INFO 2621 --- [main] o.s.b.a.e.mvc.EndpointHandlerMapping     : Mapped "{[/autoconfig || /autoconfig.json],methods=[GET],produces=[application/vnd.spring-boot.actuator.v1+json || application/json]}" onto public java.lang.Object org.springframework.boot.actuate.endpoint.mvc.EndpointMvcAdapter.invoke()
2018-11-15 23:07:06.945  INFO 2621 --- [main] o.s.b.a.e.mvc.EndpointHandlerMapping     : Mapped "{[/configprops || /configprops.json],methods=[GET],produces=[application/vnd.spring-boot.actuator.v1+json || application/json]}" onto public java.lang.Object org.springframework.boot.actuate.endpoint.mvc.EndpointMvcAdapter.invoke()
2018-11-15 23:07:06.946  INFO 2621 --- [main] o.s.b.a.e.mvc.EndpointHandlerMapping     : Mapped "{[/heapdump || /heapdump.json],methods=[GET],produces=[application/octet-stream]}" onto public void org.springframework.boot.actuate.endpoint.mvc.HeapdumpMvcEndpoint.invoke(boolean,javax.servlet.http.HttpServletRequest,javax.servlet.http.HttpServletResponse) throws java.io.IOException,javax.servlet.ServletException
2018-11-15 23:07:06.992  INFO 2621 --- [main] o.s.s.web.DefaultSecurityFilterChain     : Creating filter chain: org.springframework.boot.actuate.autoconfigure.ManagementWebSecurityAutoConfiguration$LazyEndpointPathRequestMatcher@42334d07, [org.springframework.security.web.context.request.async.WebAsyncManagerIntegrationFilter@7d6406c8, org.springframework.security.web.context.SecurityContextPersistenceFilter@48f359e4, org.springframework.security.web.header.HeaderWriterFilter@2a4cf2d1, org.springframework.web.filter.CorsFilter@f532961, org.springframework.security.web.authentication.logout.LogoutFilter@56510bb2, org.springframework.security.web.authentication.www.BasicAuthenticationFilter@7d1f3f67, org.springframework.security.web.savedrequest.RequestCacheAwareFilter@27cda5f, org.springframework.security.web.servletapi.SecurityContextHolderAwareRequestFilter@4feb7abb, org.springframework.security.web.authentication.AnonymousAuthenticationFilter@4a9d481b, org.springframework.security.web.session.SessionManagementFilter@69ca48bf, org.springframework.security.web.access.ExceptionTranslationFilter@3a3e0f7a, org.springframework.security.web.access.intercept.FilterSecurityInterceptor@3498df74]
2018-11-15 23:07:06.999  INFO 2621 --- [main] o.s.s.web.DefaultSecurityFilterChain     : Creating filter chain: OrRequestMatcher [requestMatchers=[Ant [pattern='/**']]], [org.springframework.security.web.context.request.async.WebAsyncManagerIntegrationFilter@49702efb, org.springframework.security.web.context.SecurityContextPersistenceFilter@6133a1b, org.springframework.security.web.header.HeaderWriterFilter@167c0e2e, org.springframework.security.web.authentication.logout.LogoutFilter@66da0ab7, org.springframework.security.web.authentication.www.BasicAuthenticationFilter@79863795, org.springframework.security.web.savedrequest.RequestCacheAwareFilter@3afd2bdf, org.springframework.security.web.servletapi.SecurityContextHolderAwareRequestFilter@4c864fd0, org.springframework.security.web.authentication.AnonymousAuthenticationFilter@2c720867, org.springframework.security.web.session.SessionManagementFilter@2c60c2dd, org.springframework.security.web.access.ExceptionTranslationFilter@7f086b45, org.springframework.security.web.access.intercept.FilterSecurityInterceptor@6ad57ee3]
2018-11-15 23:07:08.494  INFO 2621 --- [main] o.s.c.support.DefaultLifecycleProcessor  : Starting beans in phase 2147483647
2018-11-15 23:07:08.494  INFO 2621 --- [main] o.s.s.quartz.SchedulerFactoryBean        : Will start Quartz Scheduler [SchedulerFactory] in 5 seconds
2018-11-15 23:07:08.515  INFO 2621 --- [main] c.chinasoft.tax.TaxWebApplicationTests   : Started TaxWebApplicationTests in 15.717 seconds (JVM running for 16.656)
2018-11-15 23:07:08.578  INFO 2621 --- [Thread-6] o.s.w.c.s.GenericWebApplicationContext   : Closing org.springframework.web.context.support.GenericWebApplicationContext@9bd0fa6: startup date [Thu Nov 15 23:06:53 CST 2018]; root of context hierarchy
2018-11-15 23:07:08.580  INFO 2621 --- [Thread-6] o.s.c.support.DefaultLifecycleProcessor  : Stopping beans in phase 2147483647
2018-11-15 23:07:08.583  INFO 2621 --- [Thread-6] org.quartz.core.QuartzScheduler          : Scheduler SchedulerFactory_$_NON_CLUSTERED shutting down.
2018-11-15 23:07:08.584  INFO 2621 --- [Thread-6] org.quartz.core.QuartzScheduler          : Scheduler SchedulerFactory_$_NON_CLUSTERED paused.
2018-11-15 23:07:08.585  INFO 2621 --- [Thread-6] org.quartz.core.QuartzScheduler          : Scheduler SchedulerFactory_$_NON_CLUSTERED shutdown complete.
2018-11-15 23:07:08.585  INFO 2621 --- [Thread-6] o.s.s.quartz.SchedulerFactoryBean        : Shutting down Quartz Scheduler
